C51 COMPILER V9.00   CARD_READER_CTRL                                                      12/28/2015 22:10:18 PAGE 1   


C51 COMPILER V9.00, COMPILATION OF MODULE CARD_READER_CTRL
OBJECT MODULE PLACED IN .\output\obj\card_reader_ctrl.obj
COMPILER INVOKED BY: D:\Keil\C51\BIN\C51.EXE device\card_reader_ctrl.c LARGE OBJECTADVANCED OPTIMIZE(9,SIZE) BROWSE INCD
                    -IR(.\config;.\device;.\display;.\fs;.\key;.\lib_if;.\play;.\system;.\library;.\power;.\radio;.\eeprom;.\spi_flash;.\slav
                    -e;.\bluetooth;.\i2c) DEBUG PRINT(.\output\lst\card_reader_ctrl.lst) OBJECT(.\output\obj\card_reader_ctrl.obj)

line level    source

   1          #include "syscfg.h"
   2          #include "device_hcd.h"
   3          #include "device_stor.h"
   4          
   5          
   6          #if (defined(FUNC_AUDIO_EN) || defined(FUNC_READER_EN) || defined(FUNC_AUDIO_READER_EN))
              
              //单独的读卡器模式，使用下面的VID、PID、STRING
              WORD ReaderVID = 0x0000;
              WORD ReaderPID = 0x0000;
              BYTE* ReaderString_Manu = "MVSILICON.INC.";                     //max length: 32bytes
              BYTE* ReaderString_Product = "MV CARD READER";          //max length: 32bytes
              BYTE* ReaderString_SerialNumber = "2011090112345";      //max length: 32bytes
              
              
              //mass-storage device initial
              VOID DeviceStorCtrlInit(VOID)
              {       
                      DeviceStorInit();
              }
              
              
              //mass-storage device initial
              VOID DeviceStorCtrlEnd(VOID)
              {       
                      UsbDeviceDisConnect();
              }
              
              
              //mass-storage device process
              VOID DeviceStorStateCtrl(VOID)
              {       
                      DeviceStorProcess();
              }
              
              #endif


MODULE INFORMATION:   STATIC OVERLAYABLE
   CODE SIZE        =   ----    ----
   CONSTANT SIZE    =   ----    ----
   XDATA SIZE       =   ----    ----
   PDATA SIZE       =   ----    ----
   DATA SIZE        =   ----    ----
   IDATA SIZE       =   ----    ----
   BIT SIZE         =   ----    ----
   EDATA SIZE       =   ----    ----
   HDATA SIZE       =   ----    ----
   XDATA CONST SIZE =   ----    ----
   FAR CONST SIZE   =   ----    ----
END OF MODULE INFORMATION.


C51 COMPILATION COMPLETE.  0 WARNING(S),  0 ERROR(S)
