C51 COMPILER V9.00   DEBUG                                                                 11/22/2015 18:52:04 PAGE 1   


C51 COMPILER V9.00, COMPILATION OF MODULE DEBUG
OBJECT MODULE PLACED IN .\output\obj\debug.obj
COMPILER INVOKED BY: D:\Keil\C51\BIN\C51.EXE system\debug.c LARGE OBJECTADVANCED OPTIMIZE(9,SIZE) BROWSE INCDIR(.\config
                    -;.\device;.\display;.\fs;.\key;.\lib_if;.\play;.\system;.\library;.\power;.\radio;.\eeprom;.\spi_flash;.\slave;.\bluetoo
                    -th;.\i2c) DEBUG PRINT(.\output\lst\debug.lst) OBJECT(.\output\obj\debug.obj)

line level    source

   1          #include <reg51.h>                                                                              //include public header files
   2          #include "type.h"
   3          #include "syscfg.h"
   4          #include "gpio.h"
   5          #include "clk.h"
   6          #include "rst.h"
   7          #include "playctrl.h"
   8          #include "uart.h"
   9          
  10          #if defined(FUNC_UARTDBG_EN)
                      #warning        "MV: UART DEBUG ENABLE!"
              
              
              // Put a char from UART.
              CHAR putchar(CHAR c)  
              {
                      if(c == '\n')
                      {
                              I51UartSendByte(0x0D);
                      }
                      return I51UartSendByte(c);
              }
              
              
              // _getkey, Get a char from UART.
              //Return char value from UART 
              CHAR _getkey(VOID)                                                              
              {       
                      char c;
                      I51UartRecvByte(&c);
              
                      return c;
              }
              
              #endif


MODULE INFORMATION:   STATIC OVERLAYABLE
   CODE SIZE        =   ----    ----
   CONSTANT SIZE    =   ----    ----
   XDATA SIZE       =   ----    ----
   PDATA SIZE       =   ----    ----
   DATA SIZE        =   ----    ----
   IDATA SIZE       =   ----    ----
   BIT SIZE         =   ----    ----
   EDATA SIZE       =   ----    ----
   HDATA SIZE       =   ----    ----
   XDATA CONST SIZE =   ----    ----
   FAR CONST SIZE   =   ----    ----
END OF MODULE INFORMATION.


C51 COMPILATION COMPLETE.  0 WARNING(S),  0 ERROR(S)
