C51 COMPILER V9.00   SYSCTRL                                                               12/29/2015 23:40:48 PAGE 1   


C51 COMPILER V9.00, COMPILATION OF MODULE SYSCTRL
OBJECT MODULE PLACED IN .\output\obj\sysctrl.obj
COMPILER INVOKED BY: D:\Keil\C51\BIN\C51.EXE system\sysctrl.c LARGE OBJECTADVANCED OPTIMIZE(9,SIZE) BROWSE INCDIR(.\conf
                    -ig;.\device;.\display;.\fs;.\key;.\lib_if;.\play;.\system;.\library;.\power;.\radio;.\eeprom;.\spi_flash;.\slave;.\bluet
                    -ooth;.\i2c) DEBUG PRINT(.\output\lst\sysctrl.lst) OBJECT(.\output\obj\sysctrl.obj)

line level    source

   1          #include "syscfg.h"
   2          #include "sysctrl.h"
   3          #include "usb_audio_ctrl.h"
   4          #include "card_reader_ctrl.h"
   5          #include "devctrl.h"
   6          #include "playctrl.h"
   7          #include "device.h"
   8          #include "rtc_ctrl.h"
   9          #include "breakpoint.h"
  10          #include "linein_ctrl.h"
  11          #include "interrupt.h"
  12          #include "power_key.h"
  13          #include "key.h"
  14          #include "i2c.h"
  15          #include "sleep.h"
  16          #include "sys_on_off.h"
  17          #include "power_monitor.h"
  18          #include "host_stor_scsi.h"
  19          #include "host_hcd.h"
  20          #include "chip.h"
  21          #include "uart.h"
  22          #include "radio_app_interface.h"
  23          #include "radio_ctrl.h"
  24          #include "debug.h"
  25          #include "sleep.h"
  26          #include "gpio.h"
  27          #include "display.h"
  28          #include "ir.h"
  29          #include "user_interface.h"
  30          #include "pwm.h"
  31          #include "spi_flash.h"
  32          #include "spi_fs.h"
  33          #include "touch_key.h"
  34          #include "bluetooth_ctrl.h"
  35          #include "slave_ctrl.h"
  36          #include "bt.h"
  37          #include "npca110x.h"
  38          
  39          #ifdef FUNC_EXDAC_EN
              extern VOID UseAsSlaveDecd(VOID);
              extern VOID UseAsSlaveDAC(VOID);
              extern VOID UseAsMasterDac(VOID);
              #endif
  44          #ifdef FUNC_NPCA110X_EN
              extern BOOL isDefaultBass;
              #endif
  47          
  48          SYSTEM  gSys;
  49          
  50          
  51          
  52          BYTE GetBPSize(VOID)
  53          {
C51 COMPILER V9.00   SYSCTRL                                                               12/29/2015 23:40:48 PAGE 2   

  54   1      #ifdef FUNC_BREAK_POINT_EN
  55   1              return sizeof(BP_INFO);
  56   1      #else
                      return 0;
              #endif
  59   1      }
  60          
  61          
  62          //IP_X.0 for INT0, 
  63          //IP_X.1 for T0, 
  64          //IP_X.2 for INT1, 
  65          //IP_X.3 for T1, 
  66          //IP_X.4 for SP
  67          sfr IP_X = 0xA9;
  68          
  69          // System tick (1ms) initilization.
  70          VOID SysTickInit(VOID)
  71          {
  72   1              gSysTick = 0;
  73   1      
  74   1              //配置为8位自动重装载模式
  75   1              ET0 = 0;        
  76   1              TR0 = 0;        
  77   1              TMOD &= 0xf0;   
  78   1              TMOD |= 0x02;                                                                           //using Timer0 as tick base     
  79   1              TimerCountSet(1);       
  80   1              PT0 = 1;                                                                                        //high priority
  81   1              ET0 = 1;                                                                                        //enable Timer0 int
  82   1              TR0 = 1;   
  83   1              IP_X |= 0x02;
  84   1      //      EA = 1;                                                                                 //run Timer0
  85   1      }
  86          
  87          
  88          // Oriole Series Chip example main function, add you code.
  89          VOID main()
  90          {
  91   1      #ifdef FUNC_SAVE_PLAYTIME_EN
                      BYTE TempVal;
              #endif
  94   1      
  95   1              ChipInit();
  96   1      
  97   1      #ifdef FUNC_BLUETOOTH_EN
              //先拉低所有蓝牙口的电平，以便之后做蓝牙操作
                      BT_NEXT_L();
                      BT_PREV_L();
                      BT_PLAY_L();
                      BT_POWER_L();
              #endif
 104   1      
 105   1      
 106   1              ModuleClkEn(MASK_ALL_CLOCK);
 107   1              
 108   1      #ifndef FUNC_WATCHDOG_EN
                      WatchDogDis();
              #else
 111   1              WatchDogEn();
 112   1              FeedWatchDog();
 113   1      #endif
 114   1              
 115   1      #if (defined(FUNC_USB_EN) || defined (FUNC_AUDIO_EN) \ 
C51 COMPILER V9.00   SYSCTRL                                                               12/29/2015 23:40:48 PAGE 3   

 116   1              || defined(FUNC_READER_EN) || defined (FUNC_AUDIO_READER_EN))
                      IsUsbIOUseToGpio = FALSE;
              #endif
 119   1              
 120   1              ClockSwitchToDPLL(); //add for O20 
 121   1              SysTickInit();  
 122   1      #if (defined(FUNC_TIMER1_REFRESH_LED_EN) || defined(FUNC_TOUCH_KEY_EN))
                      Timer1Init();
              #endif
 125   1          EA = 1;
 126   1              ExInt1Init();
 127   1      
 128   1      #ifdef FUNC_UARTDBG_EN
                      I51UartOpen(UART_BAUDRATE, UART_PORT);
              #endif
 131   1      /*#ifdef FUNC_SLAVE_UART_EN
 132   1              SlaveCtrlInit();
 133   1      #endif*/
 134   1              BT_POWER_ON_INIT();
 135   1      
 136   1      #if 0//ndef need_change_flag  //no use
                      baGPIOCtrl[GPIO_A_IE] |= 0x40;//A2
                      baGPIOCtrl[GPIO_A_OE] &= ~0x40;
                      baGPIOCtrl[GPIO_A_PU] |= 0x40;
                      baGPIOCtrl[GPIO_A_PD] |= 0x40; 
                      baGPIOCtrl[GPIO_A_OUT] &= ~0x40; //A2
                      WaitMs(2);
              #endif
 144   1      
 145   1              DBG1(("******* Welcome to use MVsilicon's chip! *******\n"));
 146   1      
 147   1              KeyScanInit();
 148   1      
 149   1              MessageInit();
 150   1      
 151   1      #if ((POWER_SAVING_MODE_OPTION == POWER_SAVING_MODE_SLEEP) \ 
 152   1              || (POWER_SAVING_MODE_OPTION == POWER_SAVING_MODE_POWERDOWN)) 
 153   1              SystemOn();
 154   1      #endif
 155   1              
 156   1      
 157   1      #if 0//ndef need_change_flag  //no use
                      baGPIOCtrl[GPIO_A_IE] &= ~0x40;//A2
                      baGPIOCtrl[GPIO_A_OE] |= 0x40;
                      baGPIOCtrl[GPIO_A_PU] |= 0x40;
                      baGPIOCtrl[GPIO_A_PD] |= 0x40; 
                      baGPIOCtrl[GPIO_A_OUT] |= 0x40; //A2
                      WaitMs(2);
              #endif
 165   1      
 166   1      #ifdef FUN_SYSTEM_POWEROFF_WAIT_TIME
                      SystemOffTimeInit();
              #endif
 169   1      
 170   1              //示例，A2口作为普通GPIO输入带上拉
 171   1              SetA2IcsReg(A2_ICS_FOR_GPIO, A2_ICS_CLOSE);  //设置A2口作为普通GPIO
 172   1      //      ClrGpioRegBit(GPIO_A_PD, (1 << 2));
 173   1      //      ClrGpioRegBit(GPIO_A_PU, (1 << 2));
 174   1      //      SetGpioRegBit(GPIO_A_IE, (1 << 2));
 175   1      //      ClrGpioRegBit(GPIO_A_OE, (1 << 2));     
 176   1      
 177   1      #ifdef FUNC_PWM_EN
C51 COMPILER V9.00   SYSCTRL                                                               12/29/2015 23:40:48 PAGE 4   

                      //PWM示例，A0、A1口作为PWM输出
                      PwmConfigChannel(PWM1_OUTPUT_GPIOA0, PWM_CLK_12MHZ, 1200, 600); //输出10KHz ，50%占空比的PWM信号
                      PwmEnableChannel(PWM1_OUTPUT_GPIOA0);
                      PwmConfigChannel(PWM2_OUTPUT_GPIOA1, PWM_CLK_46875HZ, 2, 1);    //输出23.435KHz ，50%占空比的PWM信号
                      PwmEnableChannel(PWM2_OUTPUT_GPIOA1);
              #endif
 184   1      
 185   1      #ifdef FUNC_EXMUTE_EN
                      ExMuteOn();     
              #endif  
 188   1      
 189   1      
 190   1      #ifdef FUNC_DISP_EN
 191   1      
 192   1              DispInit(FALSE);
 193   1      #endif
 194   1      #ifdef FUNC_NPCA110X_EN
                      I2C_Init();
                      WaitMs(2);
                      DBG(("initttttttt\n"));
                      NPCA110X_Init();
                      DBG(("ini22222\n"));
                      isDefaultBass = TRUE;
              #endif
 202   1      
 203   1              //如果电能控制功能打开，此处将启动第1次低电压检测和充电设备接入检测等
 204   1      #ifdef FUNC_POWER_MONITOR_EN
 205   1              PowerMonitorInit();
 206   1      #endif  
 207   1      
 208   1      #ifdef AU6210K_NR_D_8_CSRBT
                      InDacSetVolume(gVolArr[28], gVolArr[28]);
              #endif
 211   1              
 212   1      #ifdef FUNC_EXDAC_EN
                      InDacInit(FALSE);
                      InDacChannelSel(DAC_CH_DAC);
                      UseAsSlaveDecd();
                      //配置外部DAC采样率
                      //SetExDacSampleRate(SampleRate);
                      gSys.Volume = 28;
                      PlayVol2Decd();
                      InDacMuteDis();
              //      while(1);
              #else
 223   1              InDacInit(FALSE);
 224   1      #ifdef FUNC_DACOUT_DAPLESS_EN
                      InDacVCOMSet(TRUE);     //免电容直接驱动耳机
              #endif
 227   1      #endif
 228   1      
 229   1      #ifdef FUNC_BREAK_POINT_EN
 230   1      #if (FUNC_RESTORE_DEVICE_SELECE == FUNC_RESTORE_DEVICE_EEPROM)
              #ifdef FUNC_SAVE_PLAYTIME_EN
                      //读取LDOIN 内部ADC值,以此判断AC供电还是电池供电
                      if(AdcReadOneChannel(0, ADC_VREF_AVDD33) > 43)  //检测LDOIN电压大于4.7v
                      {
                              gSavePlayTimeEnFlag = TRUE;     //AC供电需要掉电记忆播放时间
                              DBG(("gSavePlayTimeEnFlag = 1;\n"));    
                      }
                      else
                      {               
C51 COMPILER V9.00   SYSCTRL                                                               12/29/2015 23:40:48 PAGE 5   

                              gSavePlayTimeEnFlag = FALSE;    //电池供电不需要记忆
                              DBG(("gSavePlayTimeEnFlag = 0;\n"));    
                      }
              #endif
                      
                      I2C_Init();
              #endif
 247   1              BP_LoadInfo();
 248   1      #endif
 249   1      
 250   1      #ifdef FUNC_RTC_EN
                      RtcCtrlInit();  
              #endif
 253   1              
 254   1      #ifdef FUNC_SPI_FLASH_EN 
 255   1              SpiFlashInit();
 256   1      #if (defined(FUNC_SPI_PLAY_EN) || defined(FUNC_SPI_KEY_SOUND_EN))
 257   1              SpiFlashFsInit();
 258   1      #endif
 259   1      #endif
 260   1      
 261   1              DevCtrlInit();  
 262   1      
 263   1              while(1)
 264   1              {
 265   2                      FeedWatchDog();
 266   2      #ifdef FUNC_POWER_MONITOR_EN
 267   2                      //执行电池电压检测、充电设备接入检测及其附属的显示和系统关闭处理等
 268   2                      PowerMonitor(); 
 269   2      #endif
 270   2      
 271   2      #ifdef FUNC_SAVE_PLAYTIME_EN
                              if((gPlayCtrl.State == PLAY_STATE_PLAY) && (gSavePlayTimeEnFlag == TRUE))
                              {
                                      TempVal = AdcReadOneChannel(0, ADC_VREF_AVDD33);
                                      //DBG(("Vin: %d\n",  (WORD)TempVal));
                      
                                      //LDOIN电压低于4.7v判断为AC掉电
                                      if((TempVal < 43) && (TempVal > 34))
                                      {
                                              BP_UpdatePlayTime();
                                      }
                              }
              #endif
 284   2      #if 0
                              SlaveStateCtrl();
              #else   
 287   2                      KeyEventGet();
 288   2      #endif
 289   2                      DevStateCtrl();
 290   2                      switch(gSys.SystemMode)
 291   2                      {
 292   3                              case SYS_MODE_USB:
 293   3                              case SYS_MODE_SD:
 294   3      #ifdef FUNC_SPI_PLAY_EN
                                      case SYS_MODE_SPIDEV:
              #endif
 297   3      #ifdef FUNC_OTP_PLAY_EN
                                      case SYS_MODE_OTPDEV:
              #endif
 300   3                                      PlayStateCtrl();
 301   3                                      break;
C51 COMPILER V9.00   SYSCTRL                                                               12/29/2015 23:40:48 PAGE 6   

 302   3      
 303   3      #ifdef FUNC_RADIO_EN
 304   3                              case SYS_MODE_RADIO:
 305   3                                      RadioStateCtrl();
 306   3                                      break;
 307   3      #endif
 308   3      
 309   3      #ifdef FUNC_BLUETOOTH_CSR_EN
 310   3                              case SYS_MODE_BLUETOOTH:
 311   3                                      BluetoothStateCtrl();
 312   3                                      break;
 313   3      #endif
 314   3      #ifdef FUNC_LINEIN_EN
                                      case SYS_MODE_LINEIN:
                                              LineInStateCtrl();
                                              break;
              #endif
 319   3      
 320   3      #if 0//def FUNC_BLUETOOTH_EN
                                      case SYS_MODE_BLUETOOTH:
                                              BluetoothStateCtrl();
                                              break;
              #endif
 325   3      
 326   3      
 327   3      #ifdef FUNC_AUDIO_EN
                                      case SYS_MODE_AUDIO:
                                              DeviceAudioStateCtrl();
                                              break;
              #endif
 332   3      
 333   3      #ifdef FUNC_READER_EN
                                      case SYS_MODE_READER:
                                              DeviceStorStateCtrl();
                                              break;
              #endif
 338   3      
 339   3      #ifdef FUNC_AUDIO_READER_EN
                                      case SYS_MODE_AUDIO_READER:
                                              DeviceAudioStateCtrl();
                                              DeviceStorStateCtrl();
                                              break;
              #endif
 345   3      
 346   3      #ifdef FUNC_STANDBY_EN
                                      case SYS_MODE_STANDBY:
                                              StandbyStateCtrl();
                                              break;
              
              #endif
 352   3      
 353   3                              default:
 354   3                                      break;          
 355   3                      }       
 356   2      
 357   2      #ifdef FUNC_RTC_EN
              #ifndef FUNC_SLAVE_UART_EN
                              RtcStateCtrl();
              #endif
              #endif
 362   2      
 363   2      #ifdef FUNC_DISP_EN
C51 COMPILER V9.00   SYSCTRL                                                               12/29/2015 23:40:48 PAGE 7   

 364   2                      Display();
 365   2      #endif
 366   2      
 367   2      #ifdef FUN_SYSTEM_POWEROFF_WAIT_TIME
                              SystemOffTimeWait();
              #endif
 370   2              }
 371   1      }
 372          
 373          


MODULE INFORMATION:   STATIC OVERLAYABLE
   CODE SIZE        =    198    ----
   CONSTANT SIZE    =   ----    ----
   XDATA SIZE       =      5    ----
   PDATA SIZE       =   ----    ----
   DATA SIZE        =   ----    ----
   IDATA SIZE       =   ----    ----
   BIT SIZE         =   ----    ----
   EDATA SIZE       =   ----    ----
   HDATA SIZE       =   ----    ----
   XDATA CONST SIZE =   ----    ----
   FAR CONST SIZE   =   ----    ----
END OF MODULE INFORMATION.


C51 COMPILATION COMPLETE.  0 WARNING(S),  0 ERROR(S)
